[00:34:27] [INFO] Loaded 3704757 residual observations from step_2_1_slr_residuals.csv
[00:34:27] [INFO] Loaded station coordinates: 186 stations from SLRF2020_POS+VEL_2025.05.13.snx.gz
[00:34:27] [INFO] Filtered 3512196 outliers (|residual| > 0.5 m). Remaining: 192561
[00:34:27] [INFO] Stations: [np.int64(1824), np.int64(1868), np.int64(1873), np.int64(1874), np.int64(1879), np.int64(1884), np.int64(1886), np.int64(1887), np.int64(1888), np.int64(1889), np.int64(1890), np.int64(1891), np.int64(1893), np.int64(7080), np.int64(7090), np.int64(7105), np.int64(7110), np.int64(7119), np.int64(7124), np.int64(7237), np.int64(7249), np.int64(7306), np.int64(7329), np.int64(7358), np.int64(7394), np.int64(7396), np.int64(7403), np.int64(7407), np.int64(7501), np.int64(7503), np.int64(7701), np.int64(7810), np.int64(7811), np.int64(7817), np.int64(7819), np.int64(7820), np.int64(7821), np.int64(7824), np.int64(7825), np.int64(7827), np.int64(7838), np.int64(7839), np.int64(7840), np.int64(7841), np.int64(7845), np.int64(7941), np.int64(8834)]
[00:34:27] [INFO] Satellites: ['etalon1', 'etalon2', 'lageos1', 'lageos2']
[00:34:27] [INFO] Stations with coords: 47/47
[00:34:27] [INFO] Analyzing pass-based correlations...
[00:35:10] [INFO]   Found 0 pass-pair observations
[00:35:10] [INFO]   Computed correlations for 379 station pairs
[00:35:10] [INFO] Computing inter-station irregular-sampling phase coherence (exploratory)...
[00:35:10] [INFO] Computing inter-station irregular-sampling phase coherence (exploratory)...
[00:35:10] [INFO] Computing inter-station irregular-sampling phase coherence (exploratory)...
[00:35:49] [INFO] Computing inter-station irregular-sampling phase coherence (exploratory)...
[00:36:24] [INFO] Computing inter-station MWPC...
[00:36:24] [WARNING] Not enough stations with sufficient data for MWPC
[00:36:24] [INFO] Computing inter-station MWPC...
[00:36:24] [WARNING] Not enough stations with sufficient data for MWPC
[00:36:24] [INFO] Computing inter-station MWPC...
[00:36:25] [INFO]   Station 7237: 3793 resampled points
[00:36:25] [INFO]   Station 7845: 3155 resampled points
[00:36:25] [INFO]   Station 7396: 896 resampled points
[00:36:25] [INFO]   Station 1888: 854 resampled points
[00:36:26] [INFO]   Station 1889: 1165 resampled points
[00:36:26] [INFO]   Station 7825: 5464 resampled points
[00:36:26] [INFO]   Station 7941: 5252 resampled points
[00:36:26] [INFO]   Station 7110: 2767 resampled points
[00:36:27] [INFO]   Station 7105: 4868 resampled points
[00:36:27] [INFO]   Station 1874: 678 resampled points
[00:36:27] [INFO]   Station 7840: 5102 resampled points
[00:36:28] [INFO]   Station 8834: 2788 resampled points
[00:36:28] [INFO]   Station 7811: 896 resampled points
[00:36:28] [INFO]   Station 7839: 2083 resampled points
[00:36:29] [INFO]   Station 7090: 10976 resampled points
[00:36:29] [INFO]   Station 7821: 2875 resampled points
[00:36:29] [INFO]   Station 1873: 830 resampled points
[00:36:29] [INFO]   Station 1893: 1133 resampled points
[00:36:29] [INFO]   Station 7701: 293 resampled points
[00:36:30] [INFO]   Station 7501: 1477 resampled points
[00:36:30] [INFO]   Station 7249: 1067 resampled points
[00:36:30] [INFO]   Station 7503: 519 resampled points
[00:36:30] [INFO]   Station 7119: 1690 resampled points
[00:36:31] [INFO]   Station 7838: 1829 resampled points
[00:36:31] [INFO]   Station 7841: 3064 resampled points
[00:36:31] [INFO]   Station 1890: 1197 resampled points
[00:36:31] [INFO]   Station 7819: 1024 resampled points
[00:36:31] [INFO]   Station 7394: 253 resampled points
[00:36:32] [INFO]   Station 1891: 935 resampled points
[00:36:32] [INFO]   Station 7827: 1480 resampled points
[00:36:32] [INFO]   Station 7124: 560 resampled points
[00:36:33] [INFO]   Station 1884: 837 resampled points
[00:36:33] [INFO]   Station 7403: 384 resampled points
[00:36:33] [INFO]   Station 7306: 269 resampled points
[00:36:33] [INFO]   Station 1824: 385 resampled points
[00:36:34] [INFO]   Station 7810: 5802 resampled points
[00:36:34] [INFO]   Station 7817: 393 resampled points
[00:36:34] [INFO]   Station 7824: 203 resampled points
[00:36:34] [INFO]   Station 7329: 118 resampled points
[00:36:34] [INFO]   Station 7080: 47 resampled points
[00:36:34] [INFO]   Station 1868: 402 resampled points
[00:36:34] [INFO]   Station 1879: 623 resampled points
[00:36:34] [INFO]   Station 1886: 493 resampled points
[00:36:35] [INFO]   Station 7407: 203 resampled points
[00:36:35] [INFO]   Station 1887: 523 resampled points
[00:36:35] [INFO]   Station 7358: 129 resampled points
[00:40:58] [INFO]   Computed MWPC for 0 station pairs
[00:40:59] [INFO] Computing inter-station MWPC...
[00:40:59] [INFO]   Station 7845: 3429 resampled points
[00:40:59] [INFO]   Station 7840: 5248 resampled points
[00:40:59] [INFO]   Station 7941: 5747 resampled points
[00:40:59] [INFO]   Station 7825: 5805 resampled points
[00:41:00] [INFO]   Station 8834: 3125 resampled points
[00:41:00] [INFO]   Station 7090: 13512 resampled points
[00:41:00] [INFO]   Station 7839: 2017 resampled points
[00:41:00] [INFO]   Station 7396: 901 resampled points
[00:41:00] [INFO]   Station 7501: 1894 resampled points
[00:41:00] [INFO]   Station 7821: 2910 resampled points
[00:41:01] [INFO]   Station 1889: 896 resampled points
[00:41:01] [INFO]   Station 7503: 428 resampled points
[00:41:01] [INFO]   Station 7105: 4742 resampled points
[00:41:01] [INFO]   Station 7119: 2364 resampled points
[00:41:01] [INFO]   Station 7237: 3579 resampled points
[00:41:02] [INFO]   Station 7701: 268 resampled points
[00:41:02] [INFO]   Station 7110: 2444 resampled points
[00:41:02] [INFO]   Station 1891: 648 resampled points
[00:41:02] [INFO]   Station 7841: 2301 resampled points
[00:41:03] [INFO]   Station 7394: 310 resampled points
[00:41:03] [INFO]   Station 7124: 562 resampled points
[00:41:03] [INFO]   Station 1893: 937 resampled points
[00:41:03] [INFO]   Station 1888: 553 resampled points
[00:41:04] [INFO]   Station 7827: 1336 resampled points
[00:41:04] [INFO]   Station 7249: 882 resampled points
[00:41:04] [INFO]   Station 1890: 733 resampled points
[00:41:04] [INFO]   Station 7811: 742 resampled points
[00:41:04] [INFO]   Station 7838: 2205 resampled points
[00:41:05] [INFO]   Station 7819: 958 resampled points
[00:41:05] [INFO]   Station 1873: 916 resampled points
[00:41:05] [INFO]   Station 1884: 582 resampled points
[00:41:05] [INFO]   Station 7403: 249 resampled points
[00:41:05] [INFO]   Station 1824: 395 resampled points
[00:41:05] [INFO]   Station 7306: 239 resampled points
[00:41:06] [INFO]   Station 1874: 509 resampled points
[00:41:06] [INFO]   Station 7810: 4999 resampled points
[00:41:06] [INFO]   Station 7817: 339 resampled points
[00:41:06] [INFO]   Station 7824: 169 resampled points
[00:41:06] [INFO]   Station 7329: 79 resampled points
[00:41:06] [INFO]   Station 7080: 60 resampled points
[00:41:07] [INFO]   Station 1868: 417 resampled points
[00:41:07] [INFO]   Station 1879: 364 resampled points
[00:41:07] [INFO]   Station 1886: 513 resampled points
[00:41:07] [INFO]   Station 7407: 312 resampled points
[00:41:07] [INFO]   Station 1887: 580 resampled points
[00:41:07] [INFO]   Station 7358: 152 resampled points
[00:45:03] [INFO]   Computed MWPC for 0 station pairs
[00:45:03] [INFO] Analyzing range-dependent coherence...
[00:45:04] [INFO] Analyzing temporal coherence...
[00:45:22] [INFO] Analyzing daily-aggregation inter-station correlations...
[00:45:22] [INFO]   Using top 20 stations by observation count
[00:45:22] [INFO]     Station 7090: 2202 days with ≥3 obs/day
[00:45:22] [INFO]     Station 7825: 1749 days with ≥3 obs/day
[00:45:22] [INFO]     Station 7810: 1219 days with ≥3 obs/day
[00:45:22] [INFO]     Station 7840: 1474 days with ≥3 obs/day
[00:45:22] [INFO]     Station 7941: 1649 days with ≥3 obs/day
[00:45:22] [INFO]     Station 8834: 1103 days with ≥3 obs/day
[00:45:22] [INFO]     Station 7105: 948 days with ≥3 obs/day
[00:45:22] [INFO]     Station 7237: 1273 days with ≥3 obs/day
[00:45:22] [INFO]     Station 7845: 1010 days with ≥3 obs/day
[00:45:22] [INFO]     Station 7821: 905 days with ≥3 obs/day
[00:45:22] [INFO]     Station 7839: 860 days with ≥3 obs/day
[00:45:22] [INFO]     Station 7841: 1047 days with ≥3 obs/day
[00:45:22] [INFO]     Station 7110: 582 days with ≥3 obs/day
[00:45:22] [INFO]     Station 7827: 630 days with ≥3 obs/day
[00:45:22] [INFO]     Station 7838: 505 days with ≥3 obs/day
[00:45:22] [INFO]     Station 7119: 430 days with ≥3 obs/day
[00:45:22] [INFO]     Station 7501: 330 days with ≥3 obs/day
[00:45:22] [INFO]     Station 1893: 486 days with ≥3 obs/day
[00:45:22] [INFO]     Station 7819: 508 days with ≥3 obs/day
[00:45:22] [INFO]     Station 7249: 444 days with ≥3 obs/day
[00:45:41] [INFO]   Computed correlations for 190 station pairs
[00:45:53] [INFO]   Fitted λ = 20000 km (GNSS prediction: 4200.0 km)
[00:45:53] [INFO] Analyzing lagged cross-correlations...
[00:45:54] [INFO]   Analyzed lagged correlations for 190 pairs
[00:45:56] [INFO] Analyzing range-dependent coherence...
[00:45:57] [INFO] Analyzing temporal coherence...
[00:46:22] [INFO] Analyzing range-dependent coherence...
[00:46:22] [INFO] Analyzing temporal coherence...
[00:46:54] [INFO] Analyzing range-dependent coherence...
[00:46:54] [INFO] Analyzing temporal coherence...
[00:47:14] [INFO] Analyzing range-dependent coherence...
[00:47:14] [INFO] Analyzing temporal coherence...
[00:47:14] [INFO] Analyzing range-dependent coherence...
[00:47:14] [INFO] Analyzing temporal coherence...
[00:47:16] [INFO] Analyzing range-dependent coherence...
[00:47:16] [INFO] Analyzing temporal coherence...
[00:47:18] [INFO] Analyzing range-dependent coherence...
[00:47:18] [INFO] Analyzing temporal coherence...
[00:47:20] [INFO] Analyzing range-dependent coherence...
[00:47:20] [INFO] Analyzing temporal coherence...
[00:47:22] [INFO] Analyzing range-dependent coherence...
[00:47:22] [INFO] Analyzing temporal coherence...
[00:47:24] [INFO] Analyzing range-dependent coherence...
[00:47:24] [INFO] Analyzing temporal coherence...
[00:47:26] [INFO] Analyzing range-dependent coherence...
[00:47:26] [INFO] Analyzing temporal coherence...
[00:47:26] [INFO] Analyzing range-dependent coherence...
[00:47:27] [INFO] Analyzing temporal coherence...
[00:47:29] [INFO] Analyzing range-dependent coherence...
[00:47:29] [INFO] Analyzing temporal coherence...
[00:47:31] [INFO] Analyzing range-dependent coherence...
[00:47:31] [INFO] Analyzing temporal coherence...
[00:47:32] [INFO] 
======================================================================
[00:47:32] [INFO] MAGNITUDE-WEIGHTED PHASE CORRELATION ANALYSIS
[00:47:32] [INFO] ======================================================================
[00:47:32] [INFO] 
Methodology: Magnitude-Weighted Phase Correlation (TEP-GNSS-RINEX)
[00:47:32] [INFO] TEP coherence length (GNSS): 4200.0 km
[00:47:32] [INFO] TEP frequency band: 10-500 µHz
[00:47:32] [INFO] 
[SUCCESS] Results saved to /Users/matthewsmawfield/www/TEP-SLR/results/outputs/step_2_3_mwpc_analysis.json
